#
# There is insufficient memory for the Java Runtime Environment to continue.
# Native memory allocation (malloc) failed to allocate 32744 bytes for ChunkPool::allocate
# Possible reasons:
#   The system is out of physical RAM or swap space
#   In 32 bit mode, the process size limit was hit
# Possible solutions:
#   Reduce memory load on the system
#   Increase physical memory or swap space
#   Check if swap backing store is full
#   Use 64 bit Java on a 64 bit OS
#   Decrease Java heap size (-Xmx/-Xms)
#   Decrease number of Java threads
#   Decrease Java thread stack sizes (-Xss)
#   Set larger code cache with -XX:ReservedCodeCacheSize=
# This output file may be truncated or incomplete.
#
#  Out of Memory Error (allocation.cpp:273), pid=2692, tid=0x000000000000292c
#
# JRE version: Java(TM) SE Runtime Environment (8.0_191-b12) (build 1.8.0_191-b12)
# Java VM: Java HotSpot(TM) 64-Bit Server VM (25.191-b12 mixed mode windows-amd64 compressed oops)
# Failed to write core dump. Minidumps are not enabled by default on client versions of Windows
#

---------------  T H R E A D  ---------------

Current thread (0x000000001397f800):  JavaThread "C2 CompilerThread0" daemon [_thread_in_native, id=10540, stack(0x0000000014fd0000,0x00000000150d0000)]

Stack: [0x0000000014fd0000,0x00000000150d0000]
[error occurred during error reporting (printing stack bounds), id 0xc0000005]

Native frames: (J=compiled Java code, j=interpreted, Vv=VM code, C=native code)


Current CompileTask:
C2:  98034 1370       4       javax.swing.JComponent::getFlag (20 bytes)


---------------  P R O C E S S  ---------------

Java Threads: ( => current thread )
  0x0000000015b11800 JavaThread "TimerQueue" daemon [_thread_blocked, id=8928, stack(0x000000001a550000,0x000000001a650000)]
  0x0000000015add000 JavaThread "D3D Screen Updater" daemon [_thread_blocked, id=11516, stack(0x0000000019800000,0x0000000019900000)]
  0x00000000023ce000 JavaThread "DestroyJavaVM" [_thread_blocked, id=11792, stack(0x00000000023e0000,0x00000000024e0000)]
  0x0000000015a3b000 JavaThread "AWT-EventQueue-0" [_thread_blocked, id=4184, stack(0x0000000016590000,0x0000000016690000)]
  0x0000000015a32000 JavaThread "AWT-Windows" daemon [_thread_in_native, id=9072, stack(0x00000000163b0000,0x00000000164b0000)]
  0x0000000015a30800 JavaThread "AWT-Shutdown" [_thread_blocked, id=10484, stack(0x00000000162b0000,0x00000000163b0000)]
  0x0000000015a2d800 JavaThread "Java2D Disposer" daemon [_thread_blocked, id=6572, stack(0x00000000161b0000,0x00000000162b0000)]
  0x00000000152f8800 JavaThread "Service Thread" daemon [_thread_blocked, id=10192, stack(0x00000000156d0000,0x00000000157d0000)]
  0x000000001398a800 JavaThread "C1 CompilerThread2" daemon [_thread_blocked, id=9896, stack(0x00000000151d0000,0x00000000152d0000)]
  0x0000000013982800 JavaThread "C2 CompilerThread1" daemon [_thread_blocked, id=1376, stack(0x00000000150d0000,0x00000000151d0000)]
=>0x000000001397f800 JavaThread "C2 CompilerThread0" daemon [_thread_in_native, id=10540, stack(0x0000000014fd0000,0x00000000150d0000)]
  0x000000001397a800 JavaThread "Attach Listener" daemon [_thread_blocked, id=1960, stack(0x0000000014ed0000,0x0000000014fd0000)]
  0x0000000013979000 JavaThread "Signal Dispatcher" daemon [_thread_blocked, id=204, stack(0x0000000014dd0000,0x0000000014ed0000)]
  0x000000001396a800 JavaThread "Finalizer" daemon [_thread_blocked, id=9772, stack(0x0000000014be0000,0x0000000014ce0000)]
  0x00000000025d0000 JavaThread "Reference Handler" daemon [_thread_blocked, id=10396, stack(0x0000000014ae0000,0x0000000014be0000)]

Other Threads:
  0x0000000013948000 VMThread [stack: 0x00000000149e0000,0x0000000014ae0000] [id=11400]
  0x00000000139de800 WatcherThread [stack: 0x00000000157d0000,0x00000000158d0000] [id=3992]

VM state:not at safepoint (normal execution)

VM Mutex/Monitor currently owned by a thread: None

Heap:
 PSYoungGen      total 9728K, used 3342K [0x00000000f5b80000, 0x00000000f6600000, 0x0000000100000000)
  eden space 8704K, 26% used [0x00000000f5b80000,0x00000000f5dc5a80,0x00000000f6400000)
  from space 1024K, 99% used [0x00000000f6400000,0x00000000f64fddc8,0x00000000f6500000)
  to   space 1024K, 0% used [0x00000000f6500000,0x00000000f6500000,0x00000000f6600000)
 ParOldGen       total 22016K, used 9078K [0x00000000e1200000, 0x00000000e2780000, 0x00000000f5b80000)
  object space 22016K, 41% used [0x00000000e1200000,0x00000000e1addbf0,0x00000000e2780000)
 Metaspace       used 14198K, capacity 14436K, committed 14720K, reserved 1062912K
  class space    used 1826K, capacity 1906K, committed 1920K, reserved 1048576K

Card table byte_map: [0x00000000119b0000,0x0000000011ab0000] byte_map_base: 0x00000000112a7000

Marking Bits: (ParMarkBitMap*) 0x0000000053673e30
 Begin Bits: [0x0000000011f60000, 0x0000000012718000)
 End Bits:   [0x0000000012718000, 0x0000000012ed0000)

Polling page: 0x0000000000850000

CodeCache: size=245760Kb used=4392Kb max_used=4392Kb free=241367Kb
 bounds [0x00000000025f0000, 0x0000000002a40000, 0x00000000115f0000]
 total_blobs=1910 nmethods=1389 adapters=434
 compilation: enabled

Compilation events (10 events):
Event: 68.056 Thread 0x000000001398a800 1367       1       java.awt.image.IndexColorModel::getTransparency (5 bytes)
Event: 68.056 Thread 0x000000001398a800 nmethod 1367 0x0000000002a2e6d0 code [0x0000000002a2e820, 0x0000000002a2e930]
Event: 68.728 Thread 0x0000000013982800 1368       4       java.util.concurrent.locks.ReentrantLock$NonfairSync::lock (25 bytes)
Event: 68.733 Thread 0x0000000013982800 nmethod 1368 0x0000000002a31650 code [0x0000000002a317a0, 0x0000000002a31868]
Event: 94.828 Thread 0x000000001398a800 1369       3       java.lang.Exception::<init> (6 bytes)
Event: 94.830 Thread 0x000000001398a800 nmethod 1369 0x00000000026f1a10 code [0x00000000026f1ba0, 0x00000000026f2188]
Event: 95.041 Thread 0x000000001397f800 1370       4       javax.swing.JComponent::getFlag (20 bytes)
Event: 95.042 Thread 0x000000001398a800 1371       3       sun.font.CompositeGlyphMapper::charsToGlyphsNS (158 bytes)
Event: 95.044 Thread 0x000000001398a800 nmethod 1371 0x00000000026efb50 code [0x00000000026efd20, 0x00000000026f0438]
Event: 95.044 Thread 0x000000001398a800 1372       3       sun.font.FileFontStrike::getSlot0GlyphImagePtrs (129 bytes)

GC Heap History (6 events):
Event: 3.545 GC heap before
{Heap before GC invocations=1 (full 0):
 PSYoungGen      total 9728K, used 8704K [0x00000000f5b80000, 0x00000000f6600000, 0x0000000100000000)
  eden space 8704K, 100% used [0x00000000f5b80000,0x00000000f6400000,0x00000000f6400000)
  from space 1024K, 0% used [0x00000000f6500000,0x00000000f6500000,0x00000000f6600000)
  to   space 1024K, 0% used [0x00000000f6400000,0x00000000f6400000,0x00000000f6500000)
 ParOldGen       total 22016K, used 0K [0x00000000e1200000, 0x00000000e2780000, 0x00000000f5b80000)
  object space 22016K, 0% used [0x00000000e1200000,0x00000000e1200000,0x00000000e2780000)
 Metaspace       used 7824K, capacity 8074K, committed 8320K, reserved 1056768K
  class space    used 933K, capacity 1031K, committed 1152K, reserved 1048576K
Event: 3.553 GC heap after
Heap after GC invocations=1 (full 0):
 PSYoungGen      total 9728K, used 1002K [0x00000000f5b80000, 0x00000000f6600000, 0x0000000100000000)
  eden space 8704K, 0% used [0x00000000f5b80000,0x00000000f5b80000,0x00000000f6400000)
  from space 1024K, 97% used [0x00000000f6400000,0x00000000f64faa08,0x00000000f6500000)
  to   space 1024K, 0% used [0x00000000f6500000,0x00000000f6500000,0x00000000f6600000)
 ParOldGen       total 22016K, used 1134K [0x00000000e1200000, 0x00000000e2780000, 0x00000000f5b80000)
  object space 22016K, 5% used [0x00000000e1200000,0x00000000e131b900,0x00000000e2780000)
 Metaspace       used 7824K, capacity 8074K, committed 8320K, reserved 1056768K
  class space    used 933K, capacity 1031K, committed 1152K, reserved 1048576K
}
Event: 12.580 GC heap before
{Heap before GC invocations=2 (full 0):
 PSYoungGen      total 9728K, used 8544K [0x00000000f5b80000, 0x00000000f6600000, 0x0000000100000000)
  eden space 8704K, 86% used [0x00000000f5b80000,0x00000000f62dd6b8,0x00000000f6400000)
  from space 1024K, 97% used [0x00000000f6400000,0x00000000f64faa08,0x00000000f6500000)
  to   space 1024K, 0% used [0x00000000f6500000,0x00000000f6500000,0x00000000f6600000)
 ParOldGen       total 22016K, used 1134K [0x00000000e1200000, 0x00000000e2780000, 0x00000000f5b80000)
  object space 22016K, 5% used [0x00000000e1200000,0x00000000e131b900,0x00000000e2780000)
 Metaspace       used 13700K, capacity 13888K, committed 14208K, reserved 1060864K
  class space    used 1798K, capacity 1874K, committed 1920K, reserved 1048576K
Event: 12.610 GC heap after
Heap after GC invocations=2 (full 0):
 PSYoungGen      total 9728K, used 1015K [0x00000000f5b80000, 0x00000000f6600000, 0x0000000100000000)
  eden space 8704K, 0% used [0x00000000f5b80000,0x00000000f5b80000,0x00000000f6400000)
  from space 1024K, 99% used [0x00000000f6500000,0x00000000f65fddc8,0x00000000f6600000)
  to   space 1024K, 0% used [0x00000000f6400000,0x00000000f6400000,0x00000000f6500000)
 ParOldGen       total 22016K, used 4137K [0x00000000e1200000, 0x00000000e2780000, 0x00000000f5b80000)
  object space 22016K, 18% used [0x00000000e1200000,0x00000000e160a600,0x00000000e2780000)
 Metaspace       used 13700K, capacity 13888K, committed 14208K, reserved 1060864K
  class space    used 1798K, capacity 1874K, committed 1920K, reserved 1048576K
}
Event: 67.019 GC heap before
{Heap before GC invocations=3 (full 0):
 PSYoungGen      total 9728K, used 8888K [0x00000000f5b80000, 0x00000000f6600000, 0x0000000100000000)
  eden space 8704K, 90% used [0x00000000f5b80000,0x00000000f6330340,0x00000000f6400000)
  from space 1024K, 99% used [0x00000000f6500000,0x00000000f65fddc8,0x00000000f6600000)
  to   space 1024K, 0% used [0x00000000f6400000,0x00000000f6400000,0x00000000f6500000)
 ParOldGen       total 22016K, used 4137K [0x00000000e1200000, 0x00000000e2780000, 0x00000000f5b80000)
  object space 22016K, 18% used [0x00000000e1200000,0x00000000e160a600,0x00000000e2780000)
 Metaspace       used 14119K, capacity 14372K, committed 14464K, reserved 1062912K
  class space    used 1826K, capacity 1906K, committed 1920K, reserved 1048576K
Event: 67.031 GC heap after
Heap after GC invocations=3 (full 0):
 PSYoungGen      total 9728K, used 1015K [0x00000000f5b80000, 0x00000000f6600000, 0x0000000100000000)
  eden space 8704K, 0% used [0x00000000f5b80000,0x00000000f5b80000,0x00000000f6400000)
  from space 1024K, 99% used [0x00000000f6400000,0x00000000f64fddc8,0x00000000f6500000)
  to   space 1024K, 0% used [0x00000000f6500000,0x00000000f6500000,0x00000000f6600000)
 ParOldGen       total 22016K, used 9078K [0x00000000e1200000, 0x00000000e2780000, 0x00000000f5b80000)
  object space 22016K, 41% used [0x00000000e1200000,0x00000000e1addbf0,0x00000000e2780000)
 Metaspace       used 14119K, capacity 14372K, committed 14464K, reserved 1062912K
  class space    used 1826K, capacity 1906K, committed 1920K, reserved 1048576K
}

Deoptimization events (8 events):
Event: 5.567 Thread 0x0000000015a3b000 Uncommon trap: reason=class_check action=maybe_recompile pc=0x000000000276b7e0 method=java.lang.String.equals(Ljava/lang/Object;)Z @ 8
Event: 5.568 Thread 0x0000000015a3b000 Uncommon trap: reason=class_check action=maybe_recompile pc=0x000000000276b7e0 method=java.lang.String.equals(Ljava/lang/Object;)Z @ 8
Event: 5.568 Thread 0x0000000015a3b000 Uncommon trap: reason=class_check action=maybe_recompile pc=0x000000000276b7e0 method=java.lang.String.equals(Ljava/lang/Object;)Z @ 8
Event: 5.568 Thread 0x0000000015a3b000 Uncommon trap: reason=class_check action=maybe_recompile pc=0x000000000276b7e0 method=java.lang.String.equals(Ljava/lang/Object;)Z @ 8
Event: 6.028 Thread 0x0000000015a5b800 Uncommon trap: reason=bimorphic action=maybe_recompile pc=0x000000000283ba6c method=java.util.HashMap.putVal(ILjava/lang/Object;Ljava/lang/Object;ZZ)Ljava/lang/Object; @ 91
Event: 6.028 Thread 0x0000000015a5b800 Uncommon trap: reason=bimorphic action=maybe_recompile pc=0x000000000283ba6c method=java.util.HashMap.putVal(ILjava/lang/Object;Ljava/lang/Object;ZZ)Ljava/lang/Object; @ 91
Event: 6.028 Thread 0x0000000015a5b800 Uncommon trap: reason=bimorphic action=maybe_recompile pc=0x000000000283ba6c method=java.util.HashMap.putVal(ILjava/lang/Object;Ljava/lang/Object;ZZ)Ljava/lang/Object; @ 91
Event: 6.028 Thread 0x0000000015a5b800 Uncommon trap: reason=bimorphic action=maybe_recompile pc=0x000000000283ba6c method=java.util.HashMap.putVal(ILjava/lang/Object;Ljava/lang/Object;ZZ)Ljava/lang/Object; @ 91

Classes redefined (0 events):
No events

Internal exceptions (10 events):
Event: 0.294 Thread 0x00000000023ce000 Exception <a 'java/lang/NoSuchMethodError': Method sun.misc.Unsafe.defineClass(Ljava/lang/String;[BII)Ljava/lang/Class; name or signature does not match> (0x00000000f5b87cb0) thrown at [C:\re\workspace\8-2-build-windows-amd64-cygwin\jdk8u191\11896\hotspot
Event: 0.294 Thread 0x00000000023ce000 Exception <a 'java/lang/NoSuchMethodError': Method sun.misc.Unsafe.prefetchRead(Ljava/lang/Object;J)V name or signature does not match> (0x00000000f5b87f98) thrown at [C:\re\workspace\8-2-build-windows-amd64-cygwin\jdk8u191\11896\hotspot\src\share\vm\prim
Event: 0.999 Thread 0x00000000023ce000 Exception <a 'java/security/PrivilegedActionException'> (0x00000000f5c38500) thrown at [C:\re\workspace\8-2-build-windows-amd64-cygwin\jdk8u191\11896\hotspot\src\share\vm\prims\jvm.cpp, line 1435]
Event: 0.999 Thread 0x00000000023ce000 Exception <a 'java/security/PrivilegedActionException'> (0x00000000f5c38710) thrown at [C:\re\workspace\8-2-build-windows-amd64-cygwin\jdk8u191\11896\hotspot\src\share\vm\prims\jvm.cpp, line 1435]
Event: 1.003 Thread 0x00000000023ce000 Exception <a 'java/security/PrivilegedActionException'> (0x00000000f5c3c380) thrown at [C:\re\workspace\8-2-build-windows-amd64-cygwin\jdk8u191\11896\hotspot\src\share\vm\prims\jvm.cpp, line 1435]
Event: 1.004 Thread 0x00000000023ce000 Exception <a 'java/security/PrivilegedActionException'> (0x00000000f5c3c590) thrown at [C:\re\workspace\8-2-build-windows-amd64-cygwin\jdk8u191\11896\hotspot\src\share\vm\prims\jvm.cpp, line 1435]
Event: 1.887 Thread 0x00000000023ce000 Exception <a 'java/io/FileNotFoundException'> (0x00000000f5fc80d0) thrown at [C:\re\workspace\8-2-build-windows-amd64-cygwin\jdk8u191\11896\hotspot\src\share\vm\prims\jni.cpp, line 709]
Event: 2.148 Thread 0x00000000023ce000 Exception <a 'java/lang/NoSuchFieldError': method resolution failed> (0x00000000f6098de8) thrown at [C:\re\workspace\8-2-build-windows-amd64-cygwin\jdk8u191\11896\hotspot\src\share\vm\prims\methodHandles.cpp, line 1167]
Event: 2.155 Thread 0x00000000023ce000 Exception <a 'java/lang/NoSuchFieldError': method resolution failed> (0x00000000f60a61b8) thrown at [C:\re\workspace\8-2-build-windows-amd64-cygwin\jdk8u191\11896\hotspot\src\share\vm\prims\methodHandles.cpp, line 1167]
Event: 2.493 Thread 0x0000000015a3b000 Exception <a 'java/io/FileNotFoundException'> (0x00000000f61a1438) thrown at [C:\re\workspace\8-2-build-windows-amd64-cygwin\jdk8u191\11896\hotspot\src\share\vm\prims\jni.cpp, line 709]

Events (10 events):
Event: 67.472 Executing VM operation: RevokeBias
Event: 67.473 Executing VM operation: RevokeBias done
Event: 67.475 Executing VM operation: RevokeBias
Event: 67.476 Executing VM operation: RevokeBias done
Event: 68.733 Thread 0x0000000013982800 flushing nmethod 0x00000000026efb50
Event: 68.733 Thread 0x0000000013982800 flushing nmethod 0x00000000026f00d0
Event: 68.733 Thread 0x0000000013982800 flushing nmethod 0x00000000026f1a10
Event: 68.733 Thread 0x0000000013982800 flushing nmethod 0x00000000026f2090
Event: 68.734 Thread 0x0000000013982800 flushing nmethod 0x0000000002711f90
Event: 68.734 Thread 0x0000000013982800 flushing nmethod 0x000000000271cc90


Dynamic libraries:
0x00007ff60c8b0000 - 0x00007ff60c8e7000 	C:\Program Files\Java\jre1.8.0_191\bin\javaw.exe
0x00007fffe4050000 - 0x00007fffe4212000 	C:\windows\SYSTEM32\ntdll.dll
0x00007fffe3f80000 - 0x00007fffe402d000 	C:\windows\system32\KERNEL32.DLL
0x00007fffe0f00000 - 0x00007fffe10dd000 	C:\windows\system32\KERNELBASE.dll
0x00007fffe18b0000 - 0x00007fffe1956000 	C:\windows\system32\ADVAPI32.dll
0x00007fffe3e70000 - 0x00007fffe3f0d000 	C:\windows\system32\msvcrt.dll
0x00007fffe1b40000 - 0x00007fffe1b9b000 	C:\windows\system32\sechost.dll
0x00007fffe1720000 - 0x00007fffe1846000 	C:\windows\system32\RPCRT4.dll
0x00007fffe1bb0000 - 0x00007fffe1cfe000 	C:\windows\system32\USER32.dll
0x00007fffe2130000 - 0x00007fffe22b3000 	C:\windows\system32\GDI32.dll
0x00007fffd9d00000 - 0x00007fffd9f74000 	C:\windows\WinSxS\amd64_microsoft.windows.common-controls_6595b64144ccf1df_6.0.10240.17184_none_f41d7a705752bce6\COMCTL32.dll
0x00007fffe2530000 - 0x00007fffe2566000 	C:\windows\system32\IMM32.DLL
0x00007fffe23d0000 - 0x00007fffe252c000 	C:\windows\system32\MSCTF.dll
0x0000000053a40000 - 0x0000000053b12000 	C:\Program Files\Java\jre1.8.0_191\bin\msvcr100.dll
0x0000000052e50000 - 0x00000000536f4000 	C:\Program Files\Java\jre1.8.0_191\bin\server\jvm.dll
0x00007fffe1ba0000 - 0x00007fffe1ba8000 	C:\windows\system32\PSAPI.DLL
0x00007fffdf0d0000 - 0x00007fffdf0f3000 	C:\windows\SYSTEM32\WINMM.dll
0x00007fffd6420000 - 0x00007fffd6429000 	C:\windows\SYSTEM32\WSOCK32.dll
0x00007fffd4550000 - 0x00007fffd455a000 	C:\windows\SYSTEM32\VERSION.dll
0x00007fffdf070000 - 0x00007fffdf09c000 	C:\windows\SYSTEM32\WINMMBASE.dll
0x00007fffe1de0000 - 0x00007fffe1e49000 	C:\windows\system32\WS2_32.dll
0x00007fffe0d90000 - 0x00007fffe0dd4000 	C:\windows\system32\cfgmgr32.dll
0x00007fffe1710000 - 0x00007fffe1718000 	C:\windows\system32\NSI.dll
0x00007fffdf350000 - 0x00007fffdf377000 	C:\windows\SYSTEM32\DEVOBJ.dll
0x0000000053a30000 - 0x0000000053a3f000 	C:\Program Files\Java\jre1.8.0_191\bin\verify.dll
0x0000000053a00000 - 0x0000000053a29000 	C:\Program Files\Java\jre1.8.0_191\bin\java.dll
0x00000000539e0000 - 0x00000000539f6000 	C:\Program Files\Java\jre1.8.0_191\bin\zip.dll
0x00007fffe2790000 - 0x00007fffe3cb3000 	C:\windows\system32\SHELL32.dll
0x00007fffe10e0000 - 0x00007fffe1709000 	C:\windows\system32\windows.storage.dll
0x00007fffe1e50000 - 0x00007fffe20cc000 	C:\windows\system32\combase.dll
0x00007fffe1850000 - 0x00007fffe18a1000 	C:\windows\system32\shlwapi.dll
0x00007fffe0b00000 - 0x00007fffe0b0f000 	C:\windows\system32\kernel.appcore.dll
0x00007fffe0de0000 - 0x00007fffe0e93000 	C:\windows\system32\shcore.dll
0x00007fffe0a70000 - 0x00007fffe0aba000 	C:\windows\system32\powrprof.dll
0x00007fffe0ac0000 - 0x00007fffe0ad3000 	C:\windows\system32\profapi.dll
0x0000000052cb0000 - 0x0000000052e49000 	C:\Program Files\Java\jre1.8.0_191\bin\awt.dll
0x00007fffe2570000 - 0x00007fffe2632000 	C:\windows\system32\OLEAUT32.dll
0x00007fffdf1d0000 - 0x00007fffdf248000 	C:\windows\system32\apphelp.dll
0x00007fffdf380000 - 0x00007fffdf416000 	C:\windows\system32\uxtheme.dll
0x00007fffd7660000 - 0x00007fffd7702000 	C:\Program Files\Common Files\microsoft shared\ink\tiptsf.dll
0x00007fffde4d0000 - 0x00007fffde4f2000 	C:\windows\system32\dwmapi.dll
0x00007fffe2640000 - 0x00007fffe2781000 	C:\windows\system32\ole32.dll
0x00007fffe0890000 - 0x00007fffe08fb000 	C:\windows\SYSTEM32\bcryptPrimitives.dll
0x00007fffd3980000 - 0x00007fffd3aa8000 	C:\windows\system32\opengl32.dll
0x00007fffd2000000 - 0x00007fffd20f6000 	C:\windows\SYSTEM32\DDRAW.dll
0x00007fffd6630000 - 0x00007fffd665e000 	C:\windows\SYSTEM32\GLU32.dll
0x00007fffd8f00000 - 0x00007fffd8f08000 	C:\windows\SYSTEM32\DCIMAN32.dll
0x00007fffbb6f0000 - 0x00007fffbb900000 	C:\windows\system32\d3d9.dll
0x00007fffaf840000 - 0x00007fffafaae000 	C:\windows\SYSTEM32\d3d10warp.dll
0x0000000053870000 - 0x00000000538a1000 	C:\Program Files\Java\jre1.8.0_191\bin\jpeg.dll
0x0000000053820000 - 0x0000000053867000 	C:\Program Files\Java\jre1.8.0_191\bin\fontmanager.dll
0x00007fffe22c0000 - 0x00007fffe2365000 	C:\windows\system32\clbcatq.dll
0x00007fffcf290000 - 0x00007fffcf3dc000 	C:\Windows\System32\uiautomationcore.dll
0x00007fffe0130000 - 0x00007fffe014f000 	C:\Windows\System32\USERENV.dll
0x00007fffe0340000 - 0x00007fffe0357000 	C:\windows\SYSTEM32\cryptsp.dll
0x00007fffe09a0000 - 0x00007fffe09c8000 	C:\windows\SYSTEM32\bcrypt.dll
0x00007fffdff90000 - 0x00007fffdffc3000 	C:\windows\system32\rsaenh.dll
0x00007fffe04b0000 - 0x00007fffe04bb000 	C:\windows\SYSTEM32\CRYPTBASE.dll
0x00007fffe0900000 - 0x00007fffe0998000 	C:\windows\SYSTEM32\sxs.dll
0x00007fffd8960000 - 0x00007fffd89c9000 	C:\Windows\System32\OLEACC.dll
0x00007fffd7100000 - 0x00007fffd71ba000 	C:\windows\SYSTEM32\twinapi.dll
0x00007fffdf440000 - 0x00007fffdf52e000 	C:\windows\SYSTEM32\twinapi.appcore.dll
0x00000000539c0000 - 0x00000000539da000 	C:\Program Files\Java\jre1.8.0_191\bin\net.dll
0x00007fffe02e0000 - 0x00007fffe033d000 	C:\windows\system32\mswsock.dll
0x00000000539a0000 - 0x00000000539b1000 	C:\Program Files\Java\jre1.8.0_191\bin\nio.dll
0x0000000052c60000 - 0x0000000052ca2000 	C:\Program Files\Java\jre1.8.0_191\bin\t2k.dll
0x00007fffde830000 - 0x00007fffde88c000 	C:\windows\system32\Ninput.dll
0x00007fffddc90000 - 0x00007fffdde42000 	C:\windows\SYSTEM32\WindowsCodecs.dll
0x00007fffd5a40000 - 0x00007fffd5a86000 	C:\windows\system32\dataexchange.dll
0x00007fffdde50000 - 0x00007fffddf21000 	C:\windows\system32\dcomp.dll
0x00007fffde220000 - 0x00007fffde4c3000 	C:\windows\system32\d3d11.dll
0x00007fffd5ed0000 - 0x00007fffd6415000 	C:\windows\system32\d2d1.dll
0x00007fffde180000 - 0x00007fffde21c000 	C:\windows\system32\dxgi.dll

VM Arguments:
jvm_args: -Dfile.encoding=Cp1254 
java_command: cb.main.Booking
java_class_path (initial): D:\eclipse-workspace\CinemaBooking\bin;D:\eclipse\plugins\org.eclipse.osgi_3.13.200.v20181130-2106.jar;D:\eclipse\plugins\org.eclipse.core.commands_3.9.200.v20180827-1727.jar;D:\eclipse\plugins\org.eclipse.equinox.common_3.10.200.v20181021-1645.jar;D:\eclipse\plugins\org.eclipse.equinox.registry_3.8.200.v20181008-1820.jar;D:\eclipse\plugins\org.eclipse.core.runtime_3.15.100.v20181107-1343.jar;D:\eclipse\plugins\org.eclipse.text_3.8.0.v20180923-1636.jar;D:\eclipse\plugins\org.eclipse.swt.win32.win32.x86_64_3.109.0.v20181204-1801.jar;D:\eclipse\plugins\org.eclipse.jface_3.15.0.v20181123-1505.jar;D:\eclipse\plugins\org.eclipse.jface.text_3.15.0.v20181119-1708.jar;D:\eclipse\plugins\org.eclipse.ui.workbench_3.112.100.v20181127-1518.jar;D:\eclipse\plugins\com.ibm.icu_63.1.0.v20181030-1705.jar;D:\eclipse\plugins\org.eclipse.ui.forms_3.7.400.v20181123-1505.jar
Launcher Type: SUN_STANDARD

Environment Variables:
PATH=C:/Program Files/Java/jre1.8.0_191/bin/server;C:/Program Files/Java/jre1.8.0_191/bin;C:/Program Files/Java/jre1.8.0_191/lib/amd64;C:\Program Files (x86)\Common Files\Oracle\Java\javapath;C:\windows\system32;C:\windows;C:\windows\System32\Wbem;C:\windows\System32\WindowsPowerShell\v1.0\;C:\Program Files\Intel\WiFi\bin\;C:\Program Files\Common Files\Intel\WirelessCommon\;D:\eclipse;
USERNAME=hp
OS=Windows_NT
PROCESSOR_IDENTIFIER=Intel64 Family 6 Model 76 Stepping 3, GenuineIntel



---------------  S Y S T E M  ---------------

OS: Windows 10.0 , 64 bit Build 10240 (10.0.10240.17113)

CPU:total 4 (initial active 4) (4 cores per cpu, 1 threads per core) family 6 model 76 stepping 3, cmov, cx8, fxsr, mmx, sse, sse2, sse3, ssse3, sse4.1, sse4.2, popcnt, aes, clmul, erms, 3dnowpref, tsc, tscinvbit

Memory: 4k page, physical 2017320k(149632k free), swap 5689252k(292k free)

vm_info: Java HotSpot(TM) 64-Bit Server VM (25.191-b12) for windows-amd64 JRE (1.8.0_191-b12), built on Oct  6 2018 09:29:03 by "java_re" with MS VC++ 10.0 (VS2010)

time: Thu Jan 24 06:53:23 2019
elapsed time: 98 seconds (0d 0h 1m 38s)

